<?xml version="1.0" encoding="UTF-8"?>
<!-- Generated by org.testng.reporters.JUnitReportReporter -->
<testsuite hostname="DESKTOP-2EMJD9L" failures="0" tests="1" name="sample.Demo" time="0.045" errors="0" timestamp="2021-02-02T17:43:16 CET" skipped="0">
  <testcase classname="sample.Demo" name="sample" time="0.045"/>
</testsuite> <!-- sample.Demo -->
