<?xml version="1.0" encoding="UTF-8"?>
<!-- Generated by org.testng.reporters.JUnitReportReporter -->
<testsuite hostname="DESKTOP-2EMJD9L" failures="0" tests="1" name="sample.Demo" time="0.021" errors="0" timestamp="01 Feb 2021 16:37:22 GMT" skipped="0">
  <testcase classname="sample.Demo" name="sample" time="0.021"/>
</testsuite> <!-- sample.Demo -->
